This is pdfTeX, Version 3.14159265-2.6-1.40.19 (TeX Live 2018) (preloaded format=pdflatex 2018.11.13)  15 DEC 2018 15:40
entering extended mode
 restricted \write18 enabled.
 %&-line parsing enabled.
**ALCTagesbericht271118.tex
(./ALCTagesbericht271118.tex
LaTeX2e <2018-04-01> patch level 5
(/usr/local/texlive/2018/texmf-dist/tex/latex/base/article.cls
Document Class: article 2014/09/29 v1.4h Standard LaTeX document class
(/usr/local/texlive/2018/texmf-dist/tex/latex/base/size11.clo
File: size11.clo 2014/09/29 v1.4h Standard LaTeX file (size option)
)
\c@part=\count80
\c@section=\count81
\c@subsection=\count82
\c@subsubsection=\count83
\c@paragraph=\count84
\c@subparagraph=\count85
\c@figure=\count86
\c@table=\count87
\abovecaptionskip=\skip41
\belowcaptionskip=\skip42
\bibindent=\dimen102
)
(/usr/local/texlive/2018/texmf-dist/tex/latex/preprint/fullpage.sty
Package: fullpage 1999/02/23 1.1 (PWD)
\FP@margin=\skip43
)
(./ALCTagesbericht271118.aux)
\openout1 = `ALCTagesbericht271118.aux'.

LaTeX Font Info:    Checking defaults for OML/cmm/m/it on input line 4.
LaTeX Font Info:    ... okay on input line 4.
LaTeX Font Info:    Checking defaults for T1/cmr/m/n on input line 4.
LaTeX Font Info:    ... okay on input line 4.
LaTeX Font Info:    Checking defaults for OT1/cmr/m/n on input line 4.
LaTeX Font Info:    ... okay on input line 4.
LaTeX Font Info:    Checking defaults for OMS/cmsy/m/n on input line 4.
LaTeX Font Info:    ... okay on input line 4.
LaTeX Font Info:    Checking defaults for OMX/cmex/m/n on input line 4.
LaTeX Font Info:    ... okay on input line 4.
LaTeX Font Info:    Checking defaults for U/cmr/m/n on input line 4.
LaTeX Font Info:    ... okay on input line 4.
LaTeX Font Info:    External font `cmex10' loaded for size
(Font)              <12> on input line 8.
LaTeX Font Info:    External font `cmex10' loaded for size
(Font)              <8> on input line 8.
LaTeX Font Info:    External font `cmex10' loaded for size
(Font)              <6> on input line 8.

Underfull \hbox (badness 10000) in paragraph at lines 20--21

 []


Underfull \hbox (badness 10000) in paragraph at lines 22--24

 []


Overfull \hbox (0.29962pt too wide) in paragraph at lines 25--26
[]\OT1/cmr/m/sc/10.95 Auswertung:  \OT1/cmr/m/n/10.95 Die hier durchgef^^?uhrte
 reak-tion war eine ab-wand-lung der Nach-wei^^Yreak-
 []


Underfull \hbox (badness 10000) in paragraph at lines 25--26

 []

LaTeX Font Info:    External font `cmex10' loaded for size
(Font)              <10.95> on input line 27.

Underfull \hbox (badness 10000) in paragraph at lines 40--41

 []


Underfull \hbox (badness 10000) in paragraph at lines 42--44

 []


Overfull \hbox (45.31602pt too wide) in paragraph at lines 47--59
 [] 
 []

[1

{/usr/local/texlive/2018/texmf-var/fonts/map/pdftex/updmap/pdftex.map}]
Underfull \hbox (badness 10000) in paragraph at lines 66--67

 []


Underfull \hbox (badness 10000) in paragraph at lines 68--70

 []

[2]
Underfull \hbox (badness 10000) in paragraph at lines 112--113

 []


Underfull \hbox (badness 10000) in paragraph at lines 122--123

 []

[3]
Underfull \hbox (badness 10000) in paragraph at lines 134--135

 []

[4]
Overfull \hbox (5.67537pt too wide) in paragraph at lines 144--145
\OT1/cmr/m/n/10.95 Hier wurde un-ter-sucht wie sich L^^?osungen er-stellen lass
en, die bes-timmte w^^?armende bzw. k^^?uhlende
 []


Underfull \hbox (badness 10000) in paragraph at lines 149--150

 []


Underfull \hbox (badness 10000) in paragraph at lines 153--160

 []


Underfull \hbox (badness 10000) in paragraph at lines 165--166

 []

[5] (./ALCTagesbericht271118.aux) ) 
Here is how much of TeX's memory you used:
 258 strings out of 492639
 3083 string characters out of 6129301
 68310 words of memory out of 5000000
 4216 multiletter control sequences out of 15000+600000
 8805 words of font info for 31 fonts, out of 8000000 for 9000
 1141 hyphenation exceptions out of 8191
 21i,18n,19p,958b,187s stack positions out of 5000i,500n,10000p,200000b,80000s
</usr/local/texlive/2018/texmf-dist/fonts/ty
pe1/public/amsfonts/cm/cmbx10.pfb></usr/local/texlive/2018/texmf-dist/fonts/typ
e1/public/amsfonts/cm/cmbx12.pfb></usr/local/texlive/2018/texmf-dist/fonts/type
1/public/amsfonts/cm/cmcsc10.pfb></usr/local/texlive/2018/texmf-dist/fonts/type
1/public/amsfonts/cm/cmmi10.pfb></usr/local/texlive/2018/texmf-dist/fonts/type1
/public/amsfonts/cm/cmmi6.pfb></usr/local/texlive/2018/texmf-dist/fonts/type1/p
ublic/amsfonts/cm/cmmi8.pfb></usr/local/texlive/2018/texmf-dist/fonts/type1/pub
lic/amsfonts/cm/cmr10.pfb></usr/local/texlive/2018/texmf-dist/fonts/type1/publi
c/amsfonts/cm/cmr12.pfb></usr/local/texlive/2018/texmf-dist/fonts/type1/public/
amsfonts/cm/cmr17.pfb></usr/local/texlive/2018/texmf-dist/fonts/type1/public/am
sfonts/cm/cmr6.pfb></usr/local/texlive/2018/texmf-dist/fonts/type1/public/amsfo
nts/cm/cmr8.pfb></usr/local/texlive/2018/texmf-dist/fonts/type1/public/amsfonts
/cm/cmsy10.pfb></usr/local/texlive/2018/texmf-dist/fonts/type1/public/amsfonts/
cm/cmsy8.pfb>
Output written on ALCTagesbericht271118.pdf (5 pages, 149320 bytes).
PDF statistics:
 72 PDF objects out of 1000 (max. 8388607)
 51 compressed objects within 1 object stream
 0 named destinations out of 1000 (max. 500000)
 1 words of extra memory for PDF output out of 10000 (max. 10000000)

