This is pdfTeX, Version 3.14159265-2.6-1.40.19 (TeX Live 2018) (preloaded format=pdflatex 2018.11.13)  8 JAN 2019 09:31
entering extended mode
 restricted \write18 enabled.
 %&-line parsing enabled.
**ALCTagesbericht181218.tex
(./ALCTagesbericht181218.tex
LaTeX2e <2018-04-01> patch level 5
(/usr/local/texlive/2018/texmf-dist/tex/latex/base/article.cls
Document Class: article 2014/09/29 v1.4h Standard LaTeX document class
(/usr/local/texlive/2018/texmf-dist/tex/latex/base/size11.clo
File: size11.clo 2014/09/29 v1.4h Standard LaTeX file (size option)
)
\c@part=\count80
\c@section=\count81
\c@subsection=\count82
\c@subsubsection=\count83
\c@paragraph=\count84
\c@subparagraph=\count85
\c@figure=\count86
\c@table=\count87
\abovecaptionskip=\skip41
\belowcaptionskip=\skip42
\bibindent=\dimen102
)
(/usr/local/texlive/2018/texmf-dist/tex/latex/preprint/fullpage.sty
Package: fullpage 1999/02/23 1.1 (PWD)
\FP@margin=\skip43
)
(./ALCTagesbericht181218.aux)
\openout1 = `ALCTagesbericht181218.aux'.

LaTeX Font Info:    Checking defaults for OML/cmm/m/it on input line 4.
LaTeX Font Info:    ... okay on input line 4.
LaTeX Font Info:    Checking defaults for T1/cmr/m/n on input line 4.
LaTeX Font Info:    ... okay on input line 4.
LaTeX Font Info:    Checking defaults for OT1/cmr/m/n on input line 4.
LaTeX Font Info:    ... okay on input line 4.
LaTeX Font Info:    Checking defaults for OMS/cmsy/m/n on input line 4.
LaTeX Font Info:    ... okay on input line 4.
LaTeX Font Info:    Checking defaults for OMX/cmex/m/n on input line 4.
LaTeX Font Info:    ... okay on input line 4.
LaTeX Font Info:    Checking defaults for U/cmr/m/n on input line 4.
LaTeX Font Info:    ... okay on input line 4.
LaTeX Font Info:    External font `cmex10' loaded for size
(Font)              <12> on input line 8.
LaTeX Font Info:    External font `cmex10' loaded for size
(Font)              <8> on input line 8.
LaTeX Font Info:    External font `cmex10' loaded for size
(Font)              <6> on input line 8.

Underfull \hbox (badness 10000) in paragraph at lines 18--19

 []


Overfull \hbox (13.76628pt too wide) in paragraph at lines 20--21
\OT1/cmr/m/n/10.95 es zu einer wei^^Yen F^^?arbung. Nach-dem an-schlie^^Yend fi
l-tri-ert wurde und erneut Salzs^^?aure hinzugef^^?ugt
 []


Underfull \hbox (badness 10000) in paragraph at lines 20--21

 []

LaTeX Font Info:    External font `cmex10' loaded for size
(Font)              <10.95> on input line 22.
[1

{/usr/local/texlive/2018/texmf-var/fonts/map/pdftex/updmap/pdftex.map}]
LaTeX Font Info:    External font `cmex10' loaded for size
(Font)              <9> on input line 24.
LaTeX Font Info:    External font `cmex10' loaded for size
(Font)              <5> on input line 24.

[2]
Underfull \hbox (badness 10000) in paragraph at lines 29--30

 []


Underfull \hbox (badness 10000) in paragraph at lines 31--32

 []


Underfull \hbox (badness 10000) in paragraph at lines 33--34

 []


Overfull \hbox (70.27335pt too wide) in paragraph at lines 36--36
[][]$\OML/cmm/m/it/9 http \OT1/cmr/m/n/9 : \OML/cmm/m/it/9 ==www:chemgapedia:de
=vsengine=vlu=vsc=de=ch=\OT1/cmr/m/n/9 11\OML/cmm/m/it/9 =aac=vorlesung=kap[]=v
lus=thermodynamik[]oeslichkeitsprodukt:[] 
 []


Overfull \hbox (67.70392pt too wide) in paragraph at lines 36--36
[][]$\OML/cmm/m/it/9 http \OT1/cmr/m/n/9 : \OML/cmm/m/it/9 ==www:chemgapedia:de
=vsengine=vlu=vsc=de=ch=\OT1/cmr/m/n/9 11\OML/cmm/m/it/9 =aac=vorlesung=kap[]=v
lus=thermodynamik[]oeslichkeitsprodukt[] 
 []

[3]
Underfull \hbox (badness 10000) in paragraph at lines 44--45

 []


Underfull \hbox (badness 10000) in paragraph at lines 50--51

 []


Underfull \hbox (badness 10000) in paragraph at lines 52--53

 []


Underfull \hbox (badness 10000) in paragraph at lines 54--55

 []


Underfull \hbox (badness 10000) in paragraph at lines 67--68

 []


Underfull \hbox (badness 10000) in paragraph at lines 69--70

 []

[4] [5]
Underfull \hbox (badness 10000) in paragraph at lines 80--81

 []


Underfull \hbox (badness 10000) in paragraph at lines 82--83

 []


Overfull \hbox (220.13997pt too wide) in paragraph at lines 84--84
[][]\OT1/cmr/m/n/9 https://www.umwelt.niedersachsen.de/themen/wasser/grundwasse
r/grundwasserbericht/grundwasserbeschaffenheit/gueteparameter/grundprogramm/phw
ert/pH-
 []

[6] (./ALCTagesbericht181218.aux) ) 
Here is how much of TeX's memory you used:
 265 strings out of 492639
 3150 string characters out of 6129301
 66310 words of memory out of 5000000
 4221 multiletter control sequences out of 15000+600000
 9409 words of font info for 33 fonts, out of 8000000 for 9000
 1141 hyphenation exceptions out of 8191
 23i,17n,19p,1995b,187s stack positions out of 5000i,500n,10000p,200000b,80000s
</usr/local/texlive/2018/texmf-dist/fonts/ty
pe1/public/amsfonts/cm/cmbx12.pfb></usr/local/texlive/2018/texmf-dist/fonts/typ
e1/public/amsfonts/cm/cmcsc10.pfb></usr/local/texlive/2018/texmf-dist/fonts/typ
e1/public/amsfonts/cm/cmex10.pfb></usr/local/texlive/2018/texmf-dist/fonts/type
1/public/amsfonts/cm/cmmi10.pfb></usr/local/texlive/2018/texmf-dist/fonts/type1
/public/amsfonts/cm/cmmi6.pfb></usr/local/texlive/2018/texmf-dist/fonts/type1/p
ublic/amsfonts/cm/cmmi8.pfb></usr/local/texlive/2018/texmf-dist/fonts/type1/pub
lic/amsfonts/cm/cmmi9.pfb></usr/local/texlive/2018/texmf-dist/fonts/type1/publi
c/amsfonts/cm/cmr10.pfb></usr/local/texlive/2018/texmf-dist/fonts/type1/public/
amsfonts/cm/cmr12.pfb></usr/local/texlive/2018/texmf-dist/fonts/type1/public/am
sfonts/cm/cmr17.pfb></usr/local/texlive/2018/texmf-dist/fonts/type1/public/amsf
onts/cm/cmr6.pfb></usr/local/texlive/2018/texmf-dist/fonts/type1/public/amsfont
s/cm/cmr8.pfb></usr/local/texlive/2018/texmf-dist/fonts/type1/public/amsfonts/c
m/cmr9.pfb></usr/local/texlive/2018/texmf-dist/fonts/type1/public/amsfonts/cm/c
msy10.pfb></usr/local/texlive/2018/texmf-dist/fonts/type1/public/amsfonts/cm/cm
sy8.pfb>
Output written on ALCTagesbericht181218.pdf (6 pages, 182903 bytes).
PDF statistics:
 83 PDF objects out of 1000 (max. 8388607)
 59 compressed objects within 1 object stream
 0 named destinations out of 1000 (max. 500000)
 1 words of extra memory for PDF output out of 10000 (max. 10000000)

